<?xml version="1.0" encoding="UTF-8"?>
<!-- Generated by org.testng.reporters.JUnitReportReporter -->
<testsuite skipped="0" hostname="DESKTOP-8KL8IAG" name="testCases.LoginWithValidUser" tests="1" failures="0" timestamp="2021-03-12T17:02:16 EST" time="3.762" errors="0">
  <testcase name="testCase1" time="3.762" classname="testCases.LoginWithValidUser"/>
  <system-out/>
</testsuite> <!-- testCases.LoginWithValidUser -->
