<?xml version="1.0" encoding="UTF-8"?>
<!-- Generated by org.testng.reporters.JUnitReportReporter -->
<testsuite skipped="0" hostname="DESKTOP-8KL8IAG" name="testCases.CreateNewAccount" tests="1" failures="0" timestamp="2021-03-13T22:57:21 EST" time="9.565" errors="0">
  <testcase name="testCase2" time="9.565" classname="testCases.CreateNewAccount"/>
  <system-out/>
</testsuite> <!-- testCases.CreateNewAccount -->
