<?xml version="1.0" encoding="UTF-8"?>
<!-- Generated by org.testng.reporters.JUnitReportReporter -->
<testsuite skipped="0" hostname="DESKTOP-8KL8IAG" name="baseSetup.Base" tests="1" failures="0" timestamp="2021-03-09T16:39:30 EST" time="17.372" errors="0">
  <testcase name="getDriver" time="17.372" classname="baseSetup.Base"/>
  <system-out/>
</testsuite> <!-- baseSetup.Base -->
