<?xml version="1.0" encoding="UTF-8"?>
<!-- Generated by org.testng.reporters.JUnitReportReporter -->
<testsuite skipped="0" hostname="DESKTOP-8KL8IAG" name="testCases.LoginWithInvalidUser" tests="1" failures="0" timestamp="2021-03-13T23:11:23 EST" time="8.507" errors="0">
  <testcase name="testCase3" time="8.507" classname="testCases.LoginWithInvalidUser"/>
  <system-out/>
</testsuite> <!-- testCases.LoginWithInvalidUser -->
